<?xml version="1.0" encoding="UTF-8"?>
<!-- Generated by org.testng.reporters.JUnitReportReporter -->
<testsuite hostname="juhi" name="Google.NotepadTest" tests="1" failures="0" timestamp="29 Oct 2016 06:14:06 GMT" time="8.371" errors="0">
  <testcase name="test" time="8.371" classname="Google.NotepadTest"/>
</testsuite> <!-- Google.NotepadTest -->
