<?xml version="1.0" encoding="UTF-8"?>
<!-- Generated by org.testng.reporters.JUnitReportReporter -->
<testsuite hostname="juhi" name="Google.TCGoogle" tests="1" failures="0" timestamp="1 Jan 2019 19:02:21 GMT" time="8.171" errors="0">
  <testcase name="test" time="8.171" classname="Google.TCGoogle"/>
</testsuite> <!-- Google.TCGoogle -->
